<?xml version="1.0" encoding="UTF-8"?>
<!-- Generated by org.testng.reporters.JUnitReportReporter -->
<testsuite hostname="DESKTOP-R7K979K" failures="0" tests="3" name="com.qa.tests.GetApiTest" time="1.970" errors="0" timestamp="2020-07-30T01:05:46 IST" skipped="2">
  <testcase classname="com.qa.tests.GetApiTest" name="GetPostWithHeader" time="1.970"/>
  <system-out/>
  <testcase classname="com.qa.tests.GetApiTest" name="getApiTest">
    <skipped/>
  </testcase> <!-- getApiTest -->
  <system-out/>
  <testcase classname="com.qa.tests.GetApiTest" name="getApiTestWIthHeader">
    <skipped/>
  </testcase> <!-- getApiTestWIthHeader -->
  <system-out/>
</testsuite> <!-- com.qa.tests.GetApiTest -->
