<?xml version="1.0" encoding="UTF-8"?>
<!-- Generated by org.testng.reporters.JUnitReportReporter -->
<testsuite hostname="DESKTOP-R7K979K" failures="0" tests="1" name="GetTest" time="2.576" errors="0" timestamp="2020-07-30T01:44:27 IST" skipped="0">
  <testcase classname="GetTest" name="Test_Get" time="2.576"/>
  <system-out/>
</testsuite> <!-- GetTest -->
